<?xml version="1.0" encoding="UTF-8"?>
<testng-results ignored="0" total="1" passed="1" failed="0" skipped="0">
  <reporter-output>
  </reporter-output>
  <suite started-at="2020-05-20T23:57:43 PDT" name="Default suite" finished-at="2020-05-20T23:58:20 PDT" duration-ms="37536">
    <groups>
    </groups>
    <test started-at="2020-05-20T23:57:43 PDT" name="Default test" finished-at="2020-05-20T23:58:20 PDT" duration-ms="37536">
      <class name="batteryStat">
        <test-method signature="batteryStat()[pri:0, instance:batteryStat@670002]" started-at="2020-05-20T23:57:43 PDT" name="batteryStat" finished-at="2020-05-20T23:58:20 PDT" duration-ms="37498" status="PASS">
          <reporter-output>
          </reporter-output>
        </test-method> <!-- batteryStat -->
      </class> <!-- batteryStat -->
    </test> <!-- Default test -->
  </suite> <!-- Default suite -->
</testng-results>
